<?xml version="1.0" encoding="UTF-8"?>
<!-- Generated by org.testng.reporters.JUnitXMLReporter -->
<testsuite hostname="DESKTOP-8LF9QI4" ignored="0" name="Default test" tests="5" failures="0" timestamp="2020-09-04T13:40:44 IST" time="10.59" errors="0">
  <testcase name="country_capital" time="4.362" classname="com.apiTesting1and2.ApiTesting_Counties"/>
  <testcase name="currency" time="1.42" classname="com.apiTesting1and2.ApiTesting_Counties"/>
  <testcase name="fullName" time="1.553" classname="com.apiTesting1and2.ApiTesting_Counties"/>
  <testcase name="language" time="1.684" classname="com.apiTesting1and2.ApiTesting_Counties"/>
  <testcase name="list_Code" time="1.501" classname="com.apiTesting1and2.ApiTesting_Counties"/>
</testsuite> <!-- Default test -->
